SF:lib/app/shared_prefs/token_shared_prefs.dart
DA:8,0
DA:10,0
DA:12,0
DA:15,0
DA:19,0
DA:21,0
DA:22,0
DA:24,0
LF:8
LH:0
end_of_record
SF:lib/core/error/failure.dart
DA:6,5
DA:8,0
DA:9,0
DA:13,0
DA:18,5
DA:25,0
LF:6
LH:2
end_of_record
SF:lib/features/auth/domain/use_case/login_use_case.dart
DA:42,3
DA:47,0
DA:48,0
DA:49,0
DA:50,0
DA:58,1
DA:59,1
DA:62,1
DA:63,3
DA:64,2
DA:65,1
DA:66,2
DA:67,1
DA:68,2
DA:72,1
LF:15
LH:11
end_of_record
SF:lib/features/auth/domain/entity/auth_entity.dart
DA:10,2
DA:18,1
DA:19,6
LF:3
LH:3
end_of_record
SF:lib/features/auth/domain/use_case/upload_image_usecase.dart
DA:11,1
DA:20,1
DA:22,1
DA:24,3
LF:4
LH:4
end_of_record
SF:lib/features/auth/domain/use_case/signup_use_case.dart
DA:15,2
DA:24,0
DA:32,0
DA:33,0
DA:39,1
DA:41,1
DA:43,1
DA:44,1
DA:45,1
DA:46,1
DA:47,1
DA:48,1
DA:50,2
LF:13
LH:10
end_of_record
SF:lib/features/auth/presentation/view/login_page_view.dart
DA:6,3
DA:8,2
DA:9,2
DA:17,1
DA:18,3
DA:19,0
DA:20,0
DA:21,0
DA:23,0
DA:24,0
DA:25,0
DA:26,0
DA:28,0
DA:29,0
DA:30,0
DA:31,0
DA:32,0
DA:36,0
DA:39,0
DA:44,0
DA:45,0
DA:46,0
DA:47,0
DA:57,2
DA:59,2
DA:60,2
DA:61,2
DA:62,2
DA:63,6
DA:65,2
DA:66,2
DA:67,2
DA:68,2
DA:71,2
DA:73,2
DA:76,2
DA:79,2
DA:81,2
DA:84,2
DA:87,2
DA:89,2
DA:99,2
DA:100,2
DA:101,2
DA:102,2
DA:103,2
DA:105,2
DA:106,2
DA:108,2
DA:109,2
DA:112,1
DA:113,1
DA:116,1
DA:118,1
DA:125,2
DA:127,2
DA:129,2
DA:132,2
DA:133,2
DA:136,1
DA:137,1
DA:140,2
DA:150,2
DA:152,2
DA:153,0
DA:161,2
DA:162,2
DA:164,2
DA:165,2
DA:170,2
DA:183,2
DA:185,2
DA:186,2
DA:187,0
DA:194,2
DA:195,0
LF:76
LH:55
end_of_record
SF:lib/features/home/presentation/home_view.dart
DA:8,4
DA:10,0
DA:11,0
DA:24,0
DA:26,0
DA:27,0
DA:30,0
DA:32,0
DA:33,0
DA:58,0
DA:59,0
DA:60,0
DA:61,0
LF:13
LH:1
end_of_record
SF:lib/features/auth/presentation/view_model/login/bloc/login_state.dart
DA:7,0
DA:12,1
DA:16,0
DA:20,0
DA:21,0
DA:22,0
LF:6
LH:1
end_of_record
SF:lib/features/auth/presentation/view_model/login/bloc/login_event.dart
DA:4,0
DA:6,0
DA:7,0
DA:14,0
DA:19,0
DA:20,0
DA:27,0
DA:32,0
DA:33,0
DA:40,0
LF:10
LH:0
end_of_record
SF:lib/features/auth/presentation/view_model/login/bloc/login_bloc.dart
DA:11,1
DA:13,2
DA:15,1
DA:16,0
DA:20,0
DA:21,0
DA:22,0
DA:23,0
DA:24,0
DA:25,0
LF:10
LH:3
end_of_record
SF:lib/features/auth/presentation/view_model/signup/bloc/signup_event.dart
DA:4,1
DA:6,0
DA:7,0
DA:13,0
DA:15,0
DA:16,0
DA:25,1
DA:32,0
DA:33,0
LF:9
LH:2
end_of_record
SF:lib/features/auth/presentation/view_model/signup/bloc/signup_state.dart
DA:9,1
DA:16,1
DA:22,1
DA:28,1
DA:29,0
DA:30,1
DA:31,1
DA:32,1
LF:8
LH:7
end_of_record
SF:lib/features/auth/presentation/view_model/signup/bloc/signup_bloc.dart
DA:15,1
DA:20,2
DA:21,2
DA:22,2
DA:25,1
DA:29,3
DA:30,3
DA:31,1
DA:32,1
DA:33,1
DA:34,1
DA:36,0
DA:37,0
DA:38,0
DA:39,0
DA:40,0
DA:45,0
DA:49,0
DA:50,0
DA:51,0
DA:54,0
DA:55,0
DA:56,0
DA:57,0
DA:58,0
LF:25
LH:11
end_of_record
SF:lib/view/bottom_view/cart.dart
DA:4,4
DA:6,0
DA:7,0
DA:11,0
LF:4
LH:1
end_of_record
SF:lib/view/bottom_view/home.dart
DA:4,4
DA:6,0
DA:8,0
DA:10,0
DA:12,0
DA:32,0
DA:34,0
DA:35,0
DA:38,0
DA:40,0
DA:43,0
DA:59,0
DA:60,0
DA:62,0
DA:63,0
DA:65,0
DA:67,0
DA:70,0
DA:81,0
DA:86,0
DA:88,0
DA:89,0
DA:90,0
DA:92,0
DA:93,0
DA:96,0
LF:26
LH:1
end_of_record
SF:lib/view/bottom_view/profile.dart
DA:4,4
DA:6,0
DA:7,0
DA:11,0
LF:4
LH:1
end_of_record
SF:lib/view/bottom_view/search.dart
DA:4,4
DA:6,0
DA:7,0
DA:11,0
LF:4
LH:1
end_of_record
SF:lib/features/home/presentation/view_model/cubit/home_state.dart
DA:4,0
DA:6,0
DA:7,0
LF:3
LH:0
end_of_record
SF:lib/features/home/presentation/view_model/cubit/home_cubit.dart
DA:7,0
LF:1
LH:0
end_of_record
SF:lib/features/auth/presentation/view/signup_page_view.dart
DA:7,2
DA:9,1
DA:10,1
DA:22,1
DA:23,3
DA:24,3
DA:25,1
DA:26,2
DA:27,2
DA:28,2
DA:29,2
DA:33,3
DA:39,1
DA:40,1
DA:41,2
DA:46,1
DA:48,1
DA:49,1
DA:50,1
DA:51,1
DA:53,1
DA:54,1
DA:55,1
DA:57,1
DA:69,1
DA:70,1
DA:77,1
DA:78,1
DA:85,1
DA:86,1
DA:93,1
DA:95,1
DA:97,1
DA:99,1
DA:100,1
DA:104,1
DA:105,1
DA:120,1
DA:122,1
DA:125,1
DA:126,0
DA:127,0
DA:129,0
DA:130,0
DA:151,1
DA:158,1
DA:161,1
DA:162,1
DA:165,1
DA:166,1
DA:171,1
DA:172,1
DA:173,0
DA:175,1
DA:176,2
DA:179,1
DA:180,2
DA:188,1
DA:189,1
DA:191,1
DA:192,1
DA:193,1
DA:197,1
DA:198,1
DA:202,1
DA:203,1
DA:204,1
DA:205,0
DA:206,0
DA:207,0
DA:212,1
DA:213,1
DA:215,2
LF:73
LH:65
end_of_record
SF:lib/app/app.dart
DA:9,1
DA:11,1
DA:13,0
DA:16,1
DA:17,0
DA:18,2
LF:6
LH:4
end_of_record
SF:lib/app/di/di.dart
DA:15,3
DA:17,0
DA:18,0
DA:19,0
DA:20,0
DA:21,0
DA:22,0
DA:25,0
DA:26,0
DA:29,0
DA:31,0
DA:32,0
DA:36,0
DA:37,0
DA:38,0
DA:42,0
DA:43,0
DA:47,0
DA:48,0
DA:49,0
DA:60,0
DA:61,0
DA:62,0
DA:63,0
DA:68,0
DA:69,0
DA:72,0
DA:73,0
DA:85,0
DA:86,0
DA:87,0
DA:88,0
DA:89,0
DA:94,0
DA:95,0
DA:96,0
LF:36
LH:1
end_of_record
SF:lib/core/app_theme/app_theme.dart
DA:4,0
DA:6,1
DA:7,1
DA:10,1
DA:13,1
DA:14,1
DA:48,1
DA:50,1
DA:51,1
DA:52,1
DA:57,1
DA:58,1
DA:65,1
DA:66,1
DA:72,1
DA:75,1
DA:76,1
LF:17
LH:16
end_of_record
SF:lib/features/splash/presentation/view/splash_screen_view.dart
DA:6,1
DA:8,0
DA:9,0
DA:13,0
DA:15,0
DA:18,0
DA:21,0
DA:24,0
DA:25,0
DA:27,0
DA:29,0
DA:30,0
DA:32,0
DA:33,0
DA:35,0
DA:36,0
DA:38,0
DA:39,0
DA:49,0
DA:51,0
LF:20
LH:1
end_of_record
SF:lib/features/splash/presentation/view_model/cubit/splash_cubit.dart
DA:7,0
DA:11,0
DA:12,0
DA:13,0
DA:14,0
DA:16,0
DA:17,0
DA:18,0
LF:8
LH:0
end_of_record
SF:lib/app/constants/api_endpoints.dart
DA:2,0
LF:1
LH:0
end_of_record
SF:lib/app/constants/hive_table_constant.dart
DA:2,0
LF:1
LH:0
end_of_record
SF:lib/core/network/api_service.dart
DA:9,0
DA:11,0
DA:12,0
DA:13,0
DA:14,0
DA:15,0
DA:16,0
DA:17,0
DA:22,0
LF:9
LH:0
end_of_record
SF:lib/core/network/hive_service.dart
DA:7,0
DA:9,0
DA:10,0
DA:12,0
DA:15,0
DA:19,0
DA:20,0
DA:21,0
DA:25,0
DA:26,0
DA:27,0
DA:31,0
DA:32,0
DA:33,0
DA:37,0
DA:38,0
DA:41,0
DA:42,0
DA:51,0
DA:52,0
DA:56,0
DA:57,0
LF:22
LH:0
end_of_record
SF:lib/features/auth/data/data_source/local_datasource/local_datasource.dart
DA:9,0
DA:11,0
DA:14,0
DA:23,0
DA:26,0
DA:27,0
DA:29,0
DA:33,0
DA:37,0
DA:39,0
DA:40,0
DA:42,0
LF:12
LH:0
end_of_record
SF:lib/features/auth/data/data_source/remote_datasource/remote_datasource.dart
DA:10,0
DA:12,0
DA:15,0
DA:18,0
DA:21,0
DA:23,0
DA:26,0
DA:27,0
DA:29,0
DA:31,0
DA:32,0
DA:34,0
DA:38,0
DA:41,0
DA:42,0
DA:44,0
DA:47,0
DA:48,0
DA:50,0
DA:51,0
DA:53,0
LF:21
LH:0
end_of_record
SF:lib/features/auth/data/repository/auth_local_repository.dart
DA:12,0
DA:14,0
DA:17,0
DA:18,0
DA:20,0
DA:24,0
DA:30,0
DA:31,0
DA:33,0
DA:37,0
DA:40,0
DA:42,0
DA:46,0
DA:49,0
LF:14
LH:0
end_of_record
SF:lib/features/auth/data/repository/auth_remote_repository.dart
DA:12,0
DA:14,0
DA:17,0
DA:20,0
DA:24,0
DA:25,0
DA:27,0
DA:28,0
DA:29,0
DA:35,0
DA:38,0
DA:41,0
DA:45,0
DA:48,0
LF:14
LH:0
end_of_record
SF:lib/core/network/dio_error_interceptor.dart
DA:4,0
DA:6,0
DA:7,0
DA:8,0
DA:9,0
DA:10,0
DA:11,0
DA:12,0
DA:14,0
DA:15,0
DA:16,0
DA:18,0
DA:21,0
DA:22,0
DA:23,0
DA:25,0
DA:27,0
LF:17
LH:0
end_of_record
SF:lib/features/auth/data/model/auth_hive_model.dart
DA:22,0
DA:28,0
DA:31,0
DA:39,0
DA:40,0
DA:41,0
DA:42,0
DA:43,0
DA:44,0
DA:45,0
DA:50,0
DA:51,0
DA:52,0
DA:53,0
DA:54,0
DA:55,0
DA:59,0
DA:60,0
LF:18
LH:0
end_of_record
SF:lib/features/auth/data/model/auth_hive_model.g.dart
DA:13,0
DA:15,0
DA:16,0
DA:17,0
DA:19,0
DA:20,0
DA:21,0
DA:22,0
DA:23,0
DA:24,0
DA:28,0
DA:31,0
DA:32,0
DA:33,0
DA:34,0
DA:35,0
DA:36,0
DA:37,0
DA:38,0
DA:39,0
DA:40,0
DA:41,0
DA:44,0
DA:45,0
DA:47,0
DA:50,0
DA:51,0
DA:52,0
LF:28
LH:0
end_of_record
SF:lib/features/auth/data/model/auth_api_model.dart
DA:16,0
DA:24,0
DA:25,0
DA:27,0
DA:29,0
DA:30,0
DA:31,0
DA:32,0
DA:33,0
DA:34,0
DA:36,0
DA:37,0
DA:38,0
DA:39,0
DA:40,0
DA:41,0
DA:44,0
DA:45,0
LF:18
LH:0
end_of_record
SF:lib/features/auth/data/model/auth_api_model.g.dart
DA:9,0
DA:10,0
DA:11,0
DA:12,0
DA:13,0
DA:14,0
DA:17,0
DA:18,0
DA:19,0
DA:20,0
DA:21,0
DA:22,0
DA:23,0
LF:13
LH:0
end_of_record
